SF:lib/bloc/trivia/trivia_event.dart
DA:7,1
DA:16,1
DA:23,1
DA:31,1
LF:4
LH:4
end_of_record
SF:lib/bloc/trivia/trivia_state.dart
DA:8,1
DA:9,1
DA:11,0
DA:13,0
DA:19,1
DA:20,1
DA:22,0
DA:24,0
DA:34,1
DA:36,1
DA:38,6
DA:41,1
DA:42,3
DA:48,1
DA:50,1
DA:51,2
DA:53,0
DA:55,0
LF:18
LH:12
end_of_record
SF:lib/bloc/trivia/trivia_bloc.dart
DA:11,3
DA:12,2
DA:13,2
DA:14,3
DA:15,3
DA:18,2
DA:19,1
DA:20,4
DA:21,4
DA:22,1
DA:25,3
DA:26,2
DA:27,1
DA:28,2
DA:29,3
DA:34,2
DA:35,2
DA:36,1
DA:37,3
DA:41,2
DA:42,2
DA:43,1
DA:44,1
DA:45,1
DA:46,4
DA:47,4
DA:48,1
DA:51,6
DA:52,3
DA:54,3
DA:55,2
DA:56,2
LF:32
LH:32
end_of_record
SF:lib/models/answer.g.dart
DA:13,0
DA:15,0
DA:16,0
DA:17,0
DA:19,0
DA:20,0
DA:21,0
DA:25,0
DA:28,0
DA:29,0
DA:30,0
DA:31,0
DA:32,0
DA:35,0
DA:36,0
DA:38,0
DA:41,0
DA:42,0
DA:43,0
DA:50,0
DA:51,0
DA:52,0
DA:55,0
DA:56,0
DA:57,0
LF:25
LH:0
end_of_record
SF:lib/models/answer.dart
DA:20,0
LF:1
LH:0
end_of_record
SF:lib/models/question.dart
DA:32,0
LF:1
LH:0
end_of_record
SF:lib/models/question.g.dart
DA:13,0
DA:15,0
DA:16,0
DA:17,0
DA:19,0
DA:20,0
DA:21,0
DA:22,0
DA:23,0
DA:24,0
DA:28,0
DA:31,0
DA:32,0
DA:33,0
DA:34,0
DA:35,0
DA:36,0
DA:37,0
DA:38,0
DA:39,0
DA:40,0
DA:41,0
DA:44,0
DA:45,0
DA:47,0
DA:50,0
DA:51,0
DA:52,0
DA:59,0
DA:60,0
DA:61,0
DA:62,0
DA:63,0
DA:64,0
DA:65,0
DA:66,0
DA:69,0
DA:70,0
DA:71,0
DA:72,0
DA:73,0
DA:74,0
DA:75,0
LF:43
LH:0
end_of_record
SF:lib/models/trivia.dart
DA:12,1
DA:36,0
DA:38,0
DA:40,0
DA:41,0
DA:42,0
DA:48,0
DA:49,0
LF:8
LH:1
end_of_record
SF:lib/models/trivia.g.dart
DA:13,0
DA:15,0
DA:16,0
DA:17,0
DA:19,0
DA:20,0
DA:21,0
DA:22,0
DA:23,0
DA:24,0
DA:25,0
DA:29,0
DA:32,0
DA:33,0
DA:34,0
DA:35,0
DA:36,0
DA:37,0
DA:38,0
DA:39,0
DA:40,0
DA:41,0
DA:42,0
DA:43,0
DA:44,0
DA:47,0
DA:48,0
DA:50,0
DA:53,0
DA:54,0
DA:55,0
DA:62,0
DA:63,0
DA:64,0
DA:65,0
DA:66,0
DA:67,0
DA:68,0
DA:69,0
DA:70,0
DA:72,0
DA:75,0
DA:76,0
DA:77,0
DA:78,0
DA:79,0
DA:80,0
DA:81,0
LF:48
LH:0
end_of_record
SF:lib/repository/trivia_repository.dart
DA:8,0
DA:10,0
DA:11,0
LF:3
LH:0
end_of_record
SF:lib/provider/trivia_provider.dart
DA:4,1
LF:1
LH:1
end_of_record
SF:lib/provider/local/trivia_local_provider.dart
DA:12,1
DA:14,0
DA:16,0
DA:17,0
DA:19,0
DA:22,0
DA:23,0
DA:24,0
DA:30,0
DA:33,0
DA:35,0
LF:11
LH:1
end_of_record
SF:lib/models/preferences.dart
DA:27,0
LF:1
LH:0
end_of_record
SF:lib/models/preferences.g.dart
DA:13,0
DA:15,0
DA:16,0
DA:17,0
DA:19,0
DA:20,0
DA:21,0
DA:22,0
DA:23,0
DA:27,0
DA:30,0
DA:31,0
DA:32,0
DA:33,0
DA:34,0
DA:35,0
DA:36,0
DA:37,0
DA:38,0
DA:41,0
DA:42,0
DA:44,0
DA:47,0
DA:48,0
DA:49,0
DA:56,0
DA:57,0
DA:58,0
DA:59,0
DA:60,0
DA:61,0
DA:63,0
DA:66,0
DA:67,0
DA:68,0
DA:69,0
DA:70,0
DA:71,0
LF:38
LH:0
end_of_record
SF:lib/utils/services/hive_service.dart
DA:20,0
DA:21,0
DA:22,0
DA:25,0
DA:26,0
DA:28,0
DA:31,0
DA:35,0
DA:36,0
DA:37,0
DA:38,0
DA:40,0
DA:42,0
DA:43,0
DA:44,0
DA:45,0
DA:46,0
DA:47,0
DA:48,0
DA:50,0
DA:54,0
DA:55,0
DA:56,0
DA:57,0
DA:58,0
DA:59,0
DA:62,0
DA:63,0
DA:65,0
DA:66,0
DA:67,0
DA:68,0
DA:69,0
DA:73,0
DA:74,0
DA:75,0
DA:76,0
DA:77,0
DA:78,0
DA:79,0
DA:80,0
DA:84,0
DA:85,0
DA:88,0
DA:90,0
DA:93,0
DA:94,0
DA:95,0
DA:98,0
DA:99,0
DA:101,0
DA:102,0
DA:105,0
DA:106,0
DA:107,0
DA:108,0
DA:111,0
DA:112,0
DA:113,0
DA:116,0
DA:118,0
DA:119,0
DA:122,0
DA:124,0
DA:125,0
DA:126,0
DA:127,0
DA:128,0
DA:129,0
DA:135,0
DA:136,0
DA:137,0
DA:140,0
DA:142,0
DA:143,0
DA:145,0
DA:146,0
DA:150,0
DA:153,0
DA:154,0
DA:156,0
DA:157,0
DA:161,0
DA:164,0
DA:165,0
DA:166,0
DA:168,0
DA:169,0
DA:173,0
DA:175,0
DA:176,0
DA:178,0
DA:182,0
DA:185,0
DA:186,0
DA:188,0
DA:192,0
DA:195,0
DA:196,0
DA:198,0
DA:202,0
DA:204,0
DA:206,0
DA:208,0
DA:212,0
DA:214,0
DA:216,0
DA:218,0
DA:222,0
DA:224,0
DA:225,0
DA:226,0
DA:228,0
DA:232,0
DA:233,0
DA:234,0
DA:235,0
DA:236,0
DA:237,0
DA:238,0
DA:241,0
DA:242,0
DA:243,0
DA:246,0
DA:247,0
DA:248,0
DA:249,0
DA:251,0
DA:252,0
LF:129
LH:0
end_of_record
SF:lib/bloc/ranking/ranking_state.dart
DA:6,0
DA:7,0
DA:12,0
DA:13,0
DA:20,0
DA:22,0
DA:23,0
DA:29,0
DA:31,0
DA:32,0
LF:10
LH:0
end_of_record
SF:lib/bloc/ranking/ranking_bloc.dart
DA:12,0
DA:14,0
DA:16,0
DA:17,0
DA:19,0
DA:20,0
DA:22,0
DA:27,0
LF:8
LH:0
end_of_record
SF:lib/bloc/ranking/ranking_event.dart
DA:6,0
LF:1
LH:0
end_of_record
SF:lib/models/user.g.dart
DA:13,0
DA:15,0
DA:16,0
DA:17,0
DA:19,0
DA:20,0
DA:21,0
DA:22,0
DA:23,0
DA:24,0
DA:28,0
DA:31,0
DA:32,0
DA:33,0
DA:34,0
DA:35,0
DA:36,0
DA:37,0
DA:38,0
DA:39,0
DA:40,0
DA:41,0
DA:44,0
DA:45,0
DA:47,0
DA:50,0
DA:51,0
DA:52,0
DA:59,0
DA:60,0
DA:61,0
DA:62,0
DA:63,0
DA:64,0
DA:65,0
DA:66,0
DA:69,0
DA:70,0
DA:71,0
DA:72,0
DA:73,0
DA:74,0
LF:42
LH:0
end_of_record
SF:lib/models/user.dart
DA:22,0
DA:24,0
DA:26,0
LF:3
LH:0
end_of_record
SF:lib/repository/ranking_repository.dart
DA:9,0
DA:11,0
DA:13,0
DA:15,0
LF:4
LH:0
end_of_record
SF:lib/models/category_trivia.dart
DA:20,0
LF:1
LH:0
end_of_record
SF:lib/models/category_trivia.g.dart
DA:13,0
DA:15,0
DA:16,0
DA:17,0
DA:19,0
DA:20,0
DA:21,0
DA:25,0
DA:28,0
DA:29,0
DA:30,0
DA:31,0
DA:32,0
DA:35,0
DA:36,0
DA:38,0
DA:41,0
DA:42,0
DA:43,0
DA:50,0
DA:51,0
DA:52,0
DA:53,0
DA:56,0
DA:57,0
DA:58,0
DA:59,0
LF:27
LH:0
end_of_record
SF:lib/models/populate.dart
DA:18,0
LF:1
LH:0
end_of_record
SF:lib/models/populate.g.dart
DA:9,0
DA:10,0
DA:11,0
DA:12,0
DA:13,0
DA:14,0
DA:15,0
DA:18,0
DA:19,0
DA:20,0
DA:21,0
LF:11
LH:0
end_of_record
SF:lib/provider/local/ranking_local_provider.dart
DA:10,1
DA:12,0
DA:14,0
DA:15,0
DA:19,0
DA:21,0
DA:22,0
DA:23,0
DA:24,0
DA:25,0
DA:30,0
DA:31,0
DA:32,0
LF:13
LH:1
end_of_record
SF:lib/provider/ranking_provider.dart
DA:5,1
LF:1
LH:1
end_of_record
SF:lib/utils/enum/category.dart
DA:13,0
DA:15,0
DA:18,0
DA:20,0
DA:26,0
DA:27,0
LF:6
LH:0
end_of_record
